Arguments: 
  C:\Program Files\nodejs\node.exe C:\Program Files (x86)\Yarn\bin\yarn.js

PATH: 
  C:\Program Files\Git\mingw64\bin;C:\Program Files\Git\usr\bin;C:\Users\root\bin;C:\Program Files (x86)\Intel\Intel(R) Management Engine Components\iCLS;C:\Program Files\Intel\Intel(R) Management Engine Components\iCLS;C:\Windows\system32;C:\Windows;C:\Windows\System32\Wbem;C:\Windows\System32\WindowsPowerShell\v1.0;C:\Windows\System32\OpenSSH;C:\Program Files (x86)\Intel\Intel(R) Management Engine Components\DAL;C:\Program Files\Intel\Intel(R) Management Engine Components\DAL;C:\Program Files (x86)\Intel\Intel(R) Management Engine Components\IPT;C:\Program Files\Intel\Intel(R) Management Engine Components\IPT;C:\Users\root\AppData\Roaming\nvm;C:\Program Files\nodejs;C:\Program Files\Git\cmd;C:\ProgramData\chocolatey\bin;C:\Program Files\Java\jdk1.8.0_191\bin;C:\Android\android-sdk\tools;C:\Android\android-sdk\platform-tools;C:\Android\android-sdk\tools\bin;C:\Program Files\PuTTY;C:\Go\bin;C:\Program Files\PostgreSQL\11\bin;C:\Program Files\PostgreSQL\11\lib;C:\Program Files (x86)\Yarn\bin;C:\Users\root\AppData\Roaming\Python\Python37\Scripts;C:\Program Files (x86)\GnuWin32\bin;C:\Python37-32\Scripts;C:\Python37-32;C:\Users\root\AppData\Local\Programs\Python\Launcher;C:\Users\root\.windows-build-tools\python27;C:\Users\root\AppData\Roaming\nvm\v10.13.0\node_modules\npm\node_modules\npm-lifecycle\node-gyp-bin;C:\Program Files\nodejs\node_modules\windows-build-tools\node_modules\.bin;C:\Program Files\nodejs\node_modules\.bin;C:\Program Files (x86)\Intel\Intel(R) Management Engine Components\iCLS;C:\Program Files\Intel\Intel(R) Management Engine Components\iCLS;C:\Windows\system32;C:\Windows;C:\Windows\System32\Wbem;C:\Windows\System32\WindowsPowerShell\v1.0;C:\Windows\System32\OpenSSH;C:\Program Files (x86)\Intel\Intel(R) Management Engine Components\DAL;C:\Program Files\Intel\Intel(R) Management Engine Components\DAL;C:\Program Files (x86)\Intel\Intel(R) Management Engine Components\IPT;C:\Program Files\Intel\Intel(R) Management Engine Components\IPT;C:\Users\root\AppData\Roaming\nvm;C:\Program Files\nodejs;C:\Program Files\Git\cmd;C:\ProgramData\chocolatey\bin;C:\Program Files\Java\jdk1.8.0_191\bin;C:\Android\android-sdk\tools;C:\Android\android-sdk\platform-tools;C:\Android\android-sdk\tools\bin;C:\Users\root\AppData\Local\Microsoft\WindowsApps;C:\Users\root\AppData\Roaming\nvm;C:\Program Files\nodejs;C:\Users\root\AppData\Local\Programs\Microsoft VS Code\bin;C:\Users\root\go\bin;C:\Users\root\AppData\Local\Yarn\bin

Yarn version: 
  1.13.0

Node version: 
  8.11.0

Platform: 
  win32 x64

Trace: 
  SyntaxError: C:\www\nodejs\node\package.json: Unexpected token } in JSON at position 291
      at JSON.parse (<anonymous>)
      at C:\Program Files (x86)\Yarn\lib\cli.js:1625:59
      at Generator.next (<anonymous>)
      at step (C:\Program Files (x86)\Yarn\lib\cli.js:304:30)
      at C:\Program Files (x86)\Yarn\lib\cli.js:315:13
      at <anonymous>

npm manifest: 
  {
    "name": "node",
    "version": "1.0.0",
    "description": "",
    "main": "src/index.js",
    "scripts": {
      "start": "nodemon src/index.js localhost 8080"
    },
    "keywords": [],
    "author": "",
    "license": "ISC",
    "devDependencies": {
      "mongoose": "^5.3.16",
      "nodemon": "1.18.4",
    }
  }

yarn manifest: 
  No manifest

Lockfile: 
  No lockfile
